0 info it worked if it ends with ok
1 verbose cli [ 'node', '/usr/local/bin/npm', 'run', 'dev' ]
2 info using npm@2.5.1
3 info using node@v1.3.0
4 verbose node symlink /usr/local/bin/node
5 verbose stack Error: missing script: dev
5 verbose stack     at run (/usr/local/lib/node_modules/npm/lib/run-script.js:138:19)
5 verbose stack     at /usr/local/lib/node_modules/npm/lib/run-script.js:81:5
5 verbose stack     at /usr/local/lib/node_modules/npm/node_modules/read-package-json/read-json.js:51:40
5 verbose stack     at final (/usr/local/lib/node_modules/npm/node_modules/read-package-json/read-json.js:349:17)
5 verbose stack     at then (/usr/local/lib/node_modules/npm/node_modules/read-package-json/read-json.js:126:33)
5 verbose stack     at /usr/local/lib/node_modules/npm/node_modules/read-package-json/read-json.js:331:40
5 verbose stack     at FSReqWrap.readFileAfterClose [as oncomplete] (evalmachine.<anonymous>:375:3)
6 verbose cwd /Users/futurepaul/github/arthurtalk
7 error Darwin 14.1.0
8 error argv "node" "/usr/local/bin/npm" "run" "dev"
9 error node v1.3.0
10 error npm  v2.5.1
11 error missing script: dev
12 error If you need help, you may report this error at:
12 error     <http://github.com/npm/npm/issues>
13 verbose exit [ 1, true ]
